<?xml version="1.0" encoding="UTF-8"?>
<!-- Generated by org.testng.reporters.JUnitReportReporter -->
<testsuite hostname="LAPTOP-B8G85UAF" failures="0" tests="1" name="Demo.Myp1Test" time="0.007" errors="0" timestamp="2023-06-02T11:13:44 IST" skipped="0">
  <testcase classname="Demo.Myp1Test" name="m1" time="0.007"/>
  <system-out/>
</testsuite> <!-- Demo.Myp1Test -->
