<?xml version="1.0" encoding="UTF-8"?>
<!-- Generated by org.testng.reporters.JUnitReportReporter -->
<testsuite hostname="LAPTOP-B8G85UAF" failures="0" tests="1" name="Demo.Myp1Test" time="14.783" errors="0" timestamp="2023-06-02T15:13:17 IST" skipped="0">
  <testcase classname="Demo.Myp1Test" name="m1" time="14.783"/>
  <system-out/>
</testsuite> <!-- Demo.Myp1Test -->
