<?xml version="1.0" encoding="UTF-8"?>
<!-- Generated by org.testng.reporters.JUnitReportReporter -->
<testsuite hostname="LAPTOP-B8G85UAF" failures="0" tests="1" name="Demo.Myp3Test" time="0.010" errors="0" timestamp="2023-06-02T11:41:16 IST" skipped="0">
  <testcase classname="Demo.Myp3Test" name="m3" time="0.010"/>
  <system-out/>
</testsuite> <!-- Demo.Myp3Test -->
